<?xml version="1.0" encoding="UTF-8"?>
<testng-results skipped="0" failed="0" ignored="0" total="1" passed="1">
  <reporter-output>
  </reporter-output>
  <suite name="Default suite" duration-ms="10056" started-at="2019-03-06T06:17:47Z" finished-at="2019-03-06T06:17:58Z">
    <groups>
    </groups>
    <test name="Default test" duration-ms="10056" started-at="2019-03-06T06:17:47Z" finished-at="2019-03-06T06:17:58Z">
      <class name="Test.testM.automation">
        <test-method status="PASS" signature="intit_browser()[pri:0, instance:Test.testM.automation@28d25987]" name="intit_browser" is-config="true" duration-ms="7549" started-at="2019-03-06T06:17:47Z" finished-at="2019-03-06T06:17:55Z">
          <reporter-output>
          </reporter-output>
        </test-method> <!-- intit_browser -->
        <test-method status="PASS" signature="verif_string()[pri:0, instance:Test.testM.automation@28d25987]" name="verif_string" duration-ms="2492" started-at="2019-03-06T06:17:55Z" finished-at="2019-03-06T06:17:58Z">
          <reporter-output>
          </reporter-output>
        </test-method> <!-- verif_string -->
      </class> <!-- Test.testM.automation -->
    </test> <!-- Default test -->
  </suite> <!-- Default suite -->
</testng-results>
